<?xml version="1.0" encoding="UTF-8"?>
<!-- Generated by org.testng.reporters.JUnitReportReporter -->
<testsuite hostname="LTIN219936" failures="0" tests="4" name="testCases.UsedCarsSearch" time="65.644" errors="0" timestamp="2024-02-20T17:28:37 IST" skipped="0">
  <testcase classname="testCases.UsedCarsSearch" name="navigateToUsedCars" time="29.006"/>
  <testcase classname="testCases.UsedCarsSearch" name="navigateToUsedCars" time="31.191"/>
  <testcase classname="testCases.UsedCarsSearch" name="usedCars" time="1.739"/>
  <testcase classname="testCases.UsedCarsSearch" name="usedCars" time="3.708"/>
</testsuite> <!-- testCases.UsedCarsSearch -->
