<?xml version="1.0" encoding="UTF-8"?>
<!-- Generated by org.testng.reporters.JUnitReportReporter -->
<testsuite hostname="LTIN219936" failures="0" tests="4" name="testCases.NewBikesSearch" time="50.430" errors="0" timestamp="2024-02-20T17:28:37 IST" skipped="0">
  <testcase classname="testCases.NewBikesSearch" name="NavigateToUpcomingBikes" time="7.463"/>
  <testcase classname="testCases.NewBikesSearch" name="NavigateToUpcomingBikes" time="3.778"/>
  <testcase classname="testCases.NewBikesSearch" name="UpcomingBikes" time="20.226"/>
  <testcase classname="testCases.NewBikesSearch" name="UpcomingBikes" time="18.963"/>
</testsuite> <!-- testCases.NewBikesSearch -->
